<?xml version="1.0" encoding="UTF-8" ?>
<testsuite tests="4" failures="0" name="GameMode.NomalModeTest" time="0.036" errors="0" skipped="0">
  <properties>
[...]
</properties>
  <testcase classname="GameMode.NomalModeTest" name="GameMode.NomalModeTest.testGetStrike" time="0.031"/>
  <testcase classname="GameMode.NomalModeTest" name="GameMode.NomalModeTest.testGetBall" time="0"/>
  <testcase classname="GameMode.NomalModeTest" name="GameMode.NomalModeTest.testGetRandomNumber" time="0"/>
  <testcase classname="GameMode.NomalModeTest" name="GameMode.NomalModeTest.testCheckInputReduplication" time="0.005"/>
</testsuite>