<?xml version="1.0" encoding="UTF-8" ?>
<testsuite tests="6" failures="0" name="Gamemode.HardModeTest" time="0.034" errors="0" skipped="0">
  <properties>
[...]
</properties>
  <testcase classname="Gamemode.HardModeTest" name="Gamemode.HardModeTest.testGetStrike" time="0.028"/>
  <testcase classname="Gamemode.HardModeTest" name="Gamemode.HardModeTest.testSomeMethod" time="0"/>
  <testcase classname="Gamemode.HardModeTest" name="Gamemode.HardModeTest.testGetball" time="0"/>
  <testcase classname="Gamemode.HardModeTest" name="Gamemode.HardModeTest.testCheckReduplication" time="0.001"/>
  <testcase classname="Gamemode.HardModeTest" name="Gamemode.HardModeTest.testGetRandomNumber" time="0.005"/>
  <testcase classname="Gamemode.HardModeTest" name="Gamemode.HardModeTest.testcheckInputNumber" time="0"/>
</testsuite>